<?xml version="1.0" encoding="UTF-8" standalone="yes"?><!DOCTYPE report PUBLIC "-//JACOCO//DTD Report 1.1//EN" "report.dtd"><report name="Unicafe"><sessioninfo id="amalia-LIFEBOOK-S904-ca0e82a4" start="1604917911517" dump="1604917911946"/><sessioninfo id="amalia-LIFEBOOK-S904-2d2f9bd1" start="1604918238978" dump="1604918239496"/><sessioninfo id="amalia-LIFEBOOK-S904-2c3e15fc" start="1604918352329" dump="1604918352841"/><sessioninfo id="amalia-LIFEBOOK-S904-246fe986" start="1604919020713" dump="1604919021126"/><sessioninfo id="amalia-LIFEBOOK-S904-12f3cbf8" start="1604919054358" dump="1604919054765"/><sessioninfo id="amalia-LIFEBOOK-S904-a6e50768" start="1604919213363" dump="1604919213871"/><sessioninfo id="amalia-LIFEBOOK-S904-fbd1bad9" start="1604919237109" dump="1604919237532"/><sessioninfo id="amalia-LIFEBOOK-S904-3df63a5e" start="1604919344248" dump="1604919344718"/><sessioninfo id="amalia-LIFEBOOK-S904-a8032e2f" start="1604919618179" dump="1604919618601"/><sessioninfo id="amalia-LIFEBOOK-S904-91d65369" start="1604919655755" dump="1604919656144"/><sessioninfo id="amalia-LIFEBOOK-S904-c16ca1ed" start="1604919738076" dump="1604919738638"/><sessioninfo id="amalia-LIFEBOOK-S904-bc8e92ad" start="1604919789237" dump="1604919789897"/><sessioninfo id="amalia-LIFEBOOK-S904-f8be0942" start="1604919849855" dump="1604919850313"/><sessioninfo id="amalia-LIFEBOOK-S904-b65fc880" start="1604920010419" dump="1604920010877"/><sessioninfo id="amalia-LIFEBOOK-S904-aac4c4ad" start="1604920121011" dump="1604920121453"/><sessioninfo id="amalia-LIFEBOOK-S904-d1bf4fd7" start="1604920227922" dump="1604920228397"/><sessioninfo id="amalia-LIFEBOOK-S904-4f2e1743" start="1604920283299" dump="1604920283750"/><sessioninfo id="amalia-LIFEBOOK-S904-235eacfa" start="1604920299414" dump="1604920299888"/><sessioninfo id="amalia-LIFEBOOK-S904-717d1a73" start="1604920559814" dump="1604920560310"/><sessioninfo id="amalia-LIFEBOOK-S904-7817419" start="1604920620458" dump="1604920620934"/><sessioninfo id="amalia-LIFEBOOK-S904-ad1f714b" start="1604920972200" dump="1604920972642"/><sessioninfo id="amalia-LIFEBOOK-S904-30ff8be9" start="1604921020640" dump="1604921021108"/><sessioninfo id="amalia-LIFEBOOK-S904-350677ce" start="1604921044378" dump="1604921044773"/><sessioninfo id="amalia-LIFEBOOK-S904-d6643fec" start="1604921244348" dump="1604921244821"/><sessioninfo id="amalia-LIFEBOOK-S904-199a56fc" start="1604921396699" dump="1604921397316"/><sessioninfo id="amalia-LIFEBOOK-S904-49093834" start="1604921452826" dump="1604921454041"/><sessioninfo id="amalia-LIFEBOOK-S904-ba28090a" start="1604921487268" dump="1604921597243"/><sessioninfo id="amalia-LIFEBOOK-S904-233f5d7e" start="1604921616077" dump="1604921724958"/><sessioninfo id="amalia-LIFEBOOK-S904-e03ba94f" start="1604947007091" dump="1604947007623"/><sessioninfo id="amalia-LIFEBOOK-S904-3853ef58" start="1604947123867" dump="1604947124347"/><package name="com/mycompany/unicafe"><class name="com/mycompany/unicafe/Paaohjelma" sourcefilename="Paaohjelma.java"><method name="&lt;init&gt;" desc="()V" line="3"><counter type="INSTRUCTION" missed="3" covered="0"/><counter type="LINE" missed="1" covered="0"/><counter type="COMPLEXITY" missed="1" covered="0"/><counter type="METHOD" missed="1" covered="0"/></method><method name="main" desc="([Ljava/lang/String;)V" line="6"><counter type="INSTRUCTION" missed="21" covered="0"/><counter type="LINE" missed="6" covered="0"/><counter type="COMPLEXITY" missed="1" covered="0"/><counter type="METHOD" missed="1" covered="0"/></method><counter type="INSTRUCTION" missed="24" covered="0"/><counter type="LINE" missed="7" covered="0"/><counter type="COMPLEXITY" missed="2" covered="0"/><counter type="METHOD" missed="2" covered="0"/><counter type="CLASS" missed="1" covered="0"/></class><class name="com/mycompany/unicafe/Maksukortti" sourcefilename="Maksukortti.java"><method name="&lt;init&gt;" desc="(I)V" line="8"><counter type="INSTRUCTION" missed="0" covered="6"/><counter type="LINE" missed="0" covered="3"/><counter type="COMPLEXITY" missed="0" covered="1"/><counter type="METHOD" missed="0" covered="1"/></method><method name="saldo" desc="()I" line="13"><counter type="INSTRUCTION" missed="0" covered="3"/><counter type="LINE" missed="0" covered="1"/><counter type="COMPLEXITY" missed="0" covered="1"/><counter type="METHOD" missed="0" covered="1"/></method><method name="lataaRahaa" desc="(I)V" line="17"><counter type="INSTRUCTION" missed="0" covered="7"/><counter type="LINE" missed="0" covered="2"/><counter type="COMPLEXITY" missed="0" covered="1"/><counter type="METHOD" missed="0" covered="1"/></method><method name="otaRahaa" desc="(I)Z" line="21"><counter type="INSTRUCTION" missed="0" covered="14"/><counter type="BRANCH" missed="0" covered="2"/><counter type="LINE" missed="0" covered="4"/><counter type="COMPLEXITY" missed="0" covered="2"/><counter type="METHOD" missed="0" covered="1"/></method><method name="toString" desc="()Ljava/lang/String;" line="31"><counter type="INSTRUCTION" missed="0" covered="23"/><counter type="LINE" missed="0" covered="3"/><counter type="COMPLEXITY" missed="0" covered="1"/><counter type="METHOD" missed="0" covered="1"/></method><counter type="INSTRUCTION" missed="0" covered="53"/><counter type="BRANCH" missed="0" covered="2"/><counter type="LINE" missed="0" covered="13"/><counter type="COMPLEXITY" missed="0" covered="6"/><counter type="METHOD" missed="0" covered="5"/><counter type="CLASS" missed="0" covered="1"/></class><class name="com/mycompany/unicafe/Kassapaate" sourcefilename="Kassapaate.java"><method name="&lt;init&gt;" desc="()V" line="10"><counter type="INSTRUCTION" missed="0" covered="6"/><counter type="LINE" missed="0" covered="3"/><counter type="COMPLEXITY" missed="0" covered="1"/><counter type="METHOD" missed="0" covered="1"/></method><method name="syoEdullisesti" desc="(I)I" line="15"><counter type="INSTRUCTION" missed="0" covered="21"/><counter type="BRANCH" missed="0" covered="2"/><counter type="LINE" missed="0" covered="5"/><counter type="COMPLEXITY" missed="0" covered="2"/><counter type="METHOD" missed="0" covered="1"/></method><method name="syoMaukkaasti" desc="(I)I" line="25"><counter type="INSTRUCTION" missed="0" covered="21"/><counter type="BRANCH" missed="0" covered="2"/><counter type="LINE" missed="0" covered="5"/><counter type="COMPLEXITY" missed="0" covered="2"/><counter type="METHOD" missed="0" covered="1"/></method><method name="syoEdullisesti" desc="(Lcom/mycompany/unicafe/Maksukortti;)Z" line="35"><counter type="INSTRUCTION" missed="0" covered="18"/><counter type="BRANCH" missed="0" covered="2"/><counter type="LINE" missed="0" covered="5"/><counter type="COMPLEXITY" missed="0" covered="2"/><counter type="METHOD" missed="0" covered="1"/></method><method name="syoMaukkaasti" desc="(Lcom/mycompany/unicafe/Maksukortti;)Z" line="45"><counter type="INSTRUCTION" missed="0" covered="18"/><counter type="BRANCH" missed="0" covered="2"/><counter type="LINE" missed="0" covered="5"/><counter type="COMPLEXITY" missed="0" covered="2"/><counter type="METHOD" missed="0" covered="1"/></method><method name="lataaRahaaKortille" desc="(Lcom/mycompany/unicafe/Maksukortti;I)V" line="55"><counter type="INSTRUCTION" missed="0" covered="14"/><counter type="BRANCH" missed="0" covered="2"/><counter type="LINE" missed="0" covered="5"/><counter type="COMPLEXITY" missed="0" covered="2"/><counter type="METHOD" missed="0" covered="1"/></method><method name="kassassaRahaa" desc="()I" line="64"><counter type="INSTRUCTION" missed="0" covered="3"/><counter type="LINE" missed="0" covered="1"/><counter type="COMPLEXITY" missed="0" covered="1"/><counter type="METHOD" missed="0" covered="1"/></method><method name="maukkaitaLounaitaMyyty" desc="()I" line="68"><counter type="INSTRUCTION" missed="0" covered="3"/><counter type="LINE" missed="0" covered="1"/><counter type="COMPLEXITY" missed="0" covered="1"/><counter type="METHOD" missed="0" covered="1"/></method><method name="edullisiaLounaitaMyyty" desc="()I" line="72"><counter type="INSTRUCTION" missed="0" covered="3"/><counter type="LINE" missed="0" covered="1"/><counter type="COMPLEXITY" missed="0" covered="1"/><counter type="METHOD" missed="0" covered="1"/></method><counter type="INSTRUCTION" missed="0" covered="107"/><counter type="BRANCH" missed="0" covered="10"/><counter type="LINE" missed="0" covered="31"/><counter type="COMPLEXITY" missed="0" covered="14"/><counter type="METHOD" missed="0" covered="9"/><counter type="CLASS" missed="0" covered="1"/></class><sourcefile name="Paaohjelma.java"><line nr="3" mi="3" ci="0" mb="0" cb="0"/><line nr="6" mi="4" ci="0" mb="0" cb="0"/><line nr="7" mi="5" ci="0" mb="0" cb="0"/><line nr="9" mi="4" ci="0" mb="0" cb="0"/><line nr="11" mi="4" ci="0" mb="0" cb="0"/><line nr="12" mi="3" ci="0" mb="0" cb="0"/><line nr="13" mi="1" ci="0" mb="0" cb="0"/><counter type="INSTRUCTION" missed="24" covered="0"/><counter type="LINE" missed="7" covered="0"/><counter type="COMPLEXITY" missed="2" covered="0"/><counter type="METHOD" missed="2" covered="0"/><counter type="CLASS" missed="1" covered="0"/></sourcefile><sourcefile name="Maksukortti.java"><line nr="8" mi="0" ci="2" mb="0" cb="0"/><line nr="9" mi="0" ci="3" mb="0" cb="0"/><line nr="10" mi="0" ci="1" mb="0" cb="0"/><line nr="13" mi="0" ci="3" mb="0" cb="0"/><line nr="17" mi="0" ci="6" mb="0" cb="0"/><line nr="18" mi="0" ci="1" mb="0" cb="0"/><line nr="21" mi="0" ci="4" mb="0" cb="2"/><line nr="22" mi="0" ci="2" mb="0" cb="0"/><line nr="25" mi="0" ci="6" mb="0" cb="0"/><line nr="26" mi="0" ci="2" mb="0" cb="0"/><line nr="31" mi="0" ci="5" mb="0" cb="0"/><line nr="32" mi="0" ci="5" mb="0" cb="0"/><line nr="33" mi="0" ci="13" mb="0" cb="0"/><counter type="INSTRUCTION" missed="0" covered="53"/><counter type="BRANCH" missed="0" covered="2"/><counter type="LINE" missed="0" covered="13"/><counter type="COMPLEXITY" missed="0" covered="6"/><counter type="METHOD" missed="0" covered="5"/><counter type="CLASS" missed="0" covered="1"/></sourcefile><sourcefile name="Kassapaate.java"><line nr="10" mi="0" ci="2" mb="0" cb="0"/><line nr="11" mi="0" ci="3" mb="0" cb="0"/><line nr="12" mi="0" ci="1" mb="0" cb="0"/><line nr="15" mi="0" ci="3" mb="0" cb="2"/><line nr="16" mi="0" ci="6" mb="0" cb="0"/><line nr="17" mi="0" ci="6" mb="0" cb="0"/><line nr="18" mi="0" ci="4" mb="0" cb="0"/><line nr="20" mi="0" ci="2" mb="0" cb="0"/><line nr="25" mi="0" ci="3" mb="0" cb="2"/><line nr="26" mi="0" ci="6" mb="0" cb="0"/><line nr="27" mi="0" ci="6" mb="0" cb="0"/><line nr="28" mi="0" ci="4" mb="0" cb="0"/><line nr="30" mi="0" ci="2" mb="0" cb="0"/><line nr="35" mi="0" ci="4" mb="0" cb="2"/><line nr="36" mi="0" ci="4" mb="0" cb="0"/><line nr="37" mi="0" ci="6" mb="0" cb="0"/><line nr="38" mi="0" ci="2" mb="0" cb="0"/><line nr="40" mi="0" ci="2" mb="0" cb="0"/><line nr="45" mi="0" ci="4" mb="0" cb="2"/><line nr="46" mi="0" ci="4" mb="0" cb="0"/><line nr="47" mi="0" ci="6" mb="0" cb="0"/><line nr="48" mi="0" ci="2" mb="0" cb="0"/><line nr="50" mi="0" ci="2" mb="0" cb="0"/><line nr="55" mi="0" ci="2" mb="0" cb="2"/><line nr="56" mi="0" ci="3" mb="0" cb="0"/><line nr="57" mi="0" ci="7" mb="0" cb="0"/><line nr="59" mi="0" ci="1" mb="0" cb="0"/><line nr="61" mi="0" ci="1" mb="0" cb="0"/><line nr="64" mi="0" ci="3" mb="0" cb="0"/><line nr="68" mi="0" ci="3" mb="0" cb="0"/><line nr="72" mi="0" ci="3" mb="0" cb="0"/><counter type="INSTRUCTION" missed="0" covered="107"/><counter type="BRANCH" missed="0" covered="10"/><counter type="LINE" missed="0" covered="31"/><counter type="COMPLEXITY" missed="0" covered="14"/><counter type="METHOD" missed="0" covered="9"/><counter type="CLASS" missed="0" covered="1"/></sourcefile><counter type="INSTRUCTION" missed="24" covered="160"/><counter type="BRANCH" missed="0" covered="12"/><counter type="LINE" missed="7" covered="44"/><counter type="COMPLEXITY" missed="2" covered="20"/><counter type="METHOD" missed="2" covered="14"/><counter type="CLASS" missed="1" covered="2"/></package><counter type="INSTRUCTION" missed="24" covered="160"/><counter type="BRANCH" missed="0" covered="12"/><counter type="LINE" missed="7" covered="44"/><counter type="COMPLEXITY" missed="2" covered="20"/><counter type="METHOD" missed="2" covered="14"/><counter type="CLASS" missed="1" covered="2"/></report>